<?xml version="1.0" encoding="UTF-8"?>
<!-- Generated by org.testng.reporters.JUnitReportReporter -->
<testsuite hostname="Geeta_Laptop" failures="0" tests="1" name="com.qa.bookingapi.tests.UpdateBookingTest" time="4.532" errors="0" timestamp="2025-09-28T11:21:22 IST" skipped="0">
  <testcase classname="com.qa.bookingapi.tests.UpdateBookingTest" name="createNewBooking" time="4.532"/>
</testsuite> <!-- com.qa.bookingapi.tests.UpdateBookingTest -->
