<?xml version="1.0" encoding="UTF-8"?>
<!-- Generated by org.testng.reporters.JUnitReportReporter -->
<testsuite hostname="Geeta_Laptop" failures="0" tests="1" name="com.qa.bookingapi.tests.DeleteCreatedBooking" time="11.102" errors="0" timestamp="2025-09-27T21:38:50 IST" skipped="0">
  <testcase classname="com.qa.bookingapi.tests.DeleteCreatedBooking" name="createNewBooking" time="11.102"/>
</testsuite> <!-- com.qa.bookingapi.tests.DeleteCreatedBooking -->
