<?xml version="1.0" encoding="UTF-8"?>
<!-- Generated by org.testng.reporters.JUnitReportReporter -->
<testsuite hostname="Geeta_Laptop" failures="0" tests="1" name="com.qa.bookingapi.tests.createBookingTest" time="4.694" errors="0" timestamp="2025-09-28T11:39:02 IST" skipped="0">
  <testcase classname="com.qa.bookingapi.tests.createBookingTest" name="createNewBookingTest" time="4.694"/>
</testsuite> <!-- com.qa.bookingapi.tests.createBookingTest -->
